<master_process> Master process started: Mon Feb  6 16:32:54 2023

<master_process> Master process started: Mon Feb  6 16:33:27 2023

<master_process> Master process started: Mon Feb  6 16:35:49 2023

<master_process> Master process started: Mon Feb  6 16:44:20 2023

<master_process> Master process started: Mon Feb  6 16:44:30 2023

<master_process> Master process started: Mon Feb  6 17:03:33 2023

<master_process> Master process started: Mon Feb  6 17:03:48 2023

<master_process> Master process started: Mon Feb  6 17:21:05 2023

<master_process> Master process started: Mon Feb  6 17:21:36 2023

<master_process> Master process started: Tue Feb  7 10:01:06 2023

<master_process> Master process started: Tue Feb  7 10:01:56 2023

<master_process> Master process started: Tue Feb  7 10:04:27 2023

<master_process> Master process started: Tue Feb  7 10:04:45 2023

<master_process> Master process started: Tue Feb  7 10:07:42 2023

<master_process> Master process terminated: Tue Feb  7 10:08:44 2023

<master_process> Master process started: Tue Feb  7 10:12:11 2023

<master_process> Master process started: Tue Feb  7 10:28:03 2023

<master_process> Master process started: Tue Feb  7 10:31:09 2023

<master_process> Master process started: Tue Feb  7 10:35:42 2023

<master_process> Master process started: Tue Feb  7 10:57:18 2023

<master_process> Master process started: Tue Feb  7 10:58:05 2023

<master_process> Master process started: Tue Feb  7 11:20:24 2023

<master_process> Master process terminated: Tue Feb  7 11:21:15 2023

<master_process> Master process started: Tue Feb  7 12:02:45 2023

<master_process> Master process started: Tue Feb  7 12:02:58 2023

<master_process> Master process started: Tue Feb  7 12:03:48 2023

<master_process> Master process started: Tue Feb  7 12:04:03 2023

<master_process> Master process started: Tue Feb  7 21:53:26 2023

<master_process> Master process started: Tue Feb  7 21:56:32 2023

<master_process> Master process started: Tue Feb  7 21:57:24 2023

<master_process> Master process started: Tue Feb  7 21:58:13 2023

<master_process> Master process started: Tue Feb  7 21:58:47 2023

<master_process> Master process started: Tue Feb  7 22:08:16 2023

<master_process> Master process started: Tue Feb  7 22:09:02 2023

<master_process> Master process started: Tue Feb  7 22:21:31 2023

<master_process> Master process started: Wed Feb  8 11:00:45 2023

<master_process> Master process started: Tue Feb 14 11:16:09 2023

