 
 Waiting for the client connection.. 
 
 Waiting for the client connection.. 
 
 Waiting for the server connection.. 
PROCESS_A: Keyboard button pressed: 45 - 14 (Tue Feb  7 10:58:22 2023
)
PROCESS_A: Keyboard button pressed: 44 - 14 (Tue Feb  7 10:58:22 2023
)
PROCESS_A: Keyboard button pressed: 43 - 14 (Tue Feb  7 10:58:22 2023
)
PROCESS_A: Keyboard button pressed: 42 - 14 (Tue Feb  7 10:58:22 2023
)
PROCESS_A: Keyboard button pressed: 41 - 14 (Tue Feb  7 10:58:22 2023
)
 
 Waiting for the server connection.. 
 
 Waiting for the client connection.. 
 
 Waiting for the server connection.. 
 
 Waiting for the server connection.. 
PROCESS_A: Keyboard button pressed: 45 - 14 (Tue Feb  7 12:04:09 2023
)
PROCESS_A: Keyboard button pressed: 46 - 14 (Tue Feb  7 12:04:10 2023
)
PROCESS_A: Keyboard button pressed: 47 - 14 (Tue Feb  7 12:04:10 2023
)
PROCESS_A: Keyboard button pressed: 48 - 14 (Tue Feb  7 12:04:10 2023
)
PROCESS_A: Keyboard button pressed: 49 - 14 (Tue Feb  7 12:04:10 2023
)
PROCESS_A: Keyboard button pressed: 50 - 14 (Tue Feb  7 12:04:10 2023
)
PROCESS_A: Keyboard button pressed: 51 - 14 (Tue Feb  7 12:04:10 2023
)
PROCESS_A: Keyboard button pressed: 52 - 14 (Tue Feb  7 12:04:10 2023
)
PROCESS_A: Keyboard button pressed: 53 - 14 (Tue Feb  7 12:04:10 2023
)
PROCESS_A: Keyboard button pressed: 54 - 14 (Tue Feb  7 12:04:10 2023
)
PROCESS_A: Keyboard button pressed: 55 - 14 (Tue Feb  7 12:04:10 2023
)
PROCESS_A: Keyboard button pressed: 55 - 15 (Tue Feb  7 12:04:11 2023
)
PROCESS_A: Keyboard button pressed: 55 - 16 (Tue Feb  7 12:04:11 2023
)
PROCESS_A: Keyboard button pressed: 55 - 17 (Tue Feb  7 12:04:11 2023
)
PROCESS_A: Keyboard button pressed: 55 - 18 (Tue Feb  7 12:04:11 2023
)
PROCESS_A: Keyboard button pressed: 55 - 19 (Tue Feb  7 12:04:11 2023
)
PROCESS_A: Keyboard button pressed: 55 - 20 (Tue Feb  7 12:04:11 2023
)
PROCESS_A: Keyboard button pressed: 55 - 21 (Tue Feb  7 12:04:11 2023
)
PROCESS_A: Keyboard button pressed: 55 - 22 (Tue Feb  7 12:04:11 2023
)
PROCESS_A: Keyboard button pressed: 55 - 23 (Tue Feb  7 12:04:11 2023
)
PROCESS_A: Keyboard button pressed: 55 - 24 (Tue Feb  7 12:04:11 2023
)
PROCESS_A: Keyboard button pressed: 55 - 25 (Tue Feb  7 12:04:11 2023
)
PROCESS_A: Keyboard button pressed: 55 - 26 (Tue Feb  7 12:04:11 2023
)
PROCESS_A: Keyboard button pressed: 55 - 27 (Tue Feb  7 12:04:11 2023
)
PROCESS_A: Keyboard button pressed: 55 - 27 (Tue Feb  7 12:04:11 2023
)
PROCESS_A: Keyboard button pressed: 55 - 27 (Tue Feb  7 12:04:11 2023
)
PROCESS_A: Keyboard button pressed: 55 - 27 (Tue Feb  7 12:04:11 2023
)
PROCESS_A: Keyboard button pressed: 55 - 27 (Tue Feb  7 12:04:11 2023
)
PROCESS_A: Keyboard button pressed: 55 - 27 (Tue Feb  7 12:04:11 2023
)
PROCESS_A: Keyboard button pressed: 55 - 27 (Tue Feb  7 12:04:11 2023
)
PROCESS_A: Keyboard button pressed: 55 - 27 (Tue Feb  7 12:04:11 2023
)
PROCESS_A: Keyboard button pressed: 55 - 27 (Tue Feb  7 12:04:11 2023
)
PROCESS_A: Keyboard button pressed: 55 - 27 (Tue Feb  7 12:04:11 2023
)
PROCESS_A: Keyboard button pressed: 55 - 27 (Tue Feb  7 12:04:11 2023
)
PROCESS_A: Keyboard button pressed: 55 - 27 (Tue Feb  7 12:04:12 2023
)
PROCESS_A: Keyboard button pressed: 54 - 27 (Tue Feb  7 12:04:12 2023
)
PROCESS_A: Keyboard button pressed: 53 - 27 (Tue Feb  7 12:04:12 2023
)
PROCESS_A: Keyboard button pressed: 52 - 27 (Tue Feb  7 12:04:12 2023
)
PROCESS_A: Keyboard button pressed: 51 - 27 (Tue Feb  7 12:04:12 2023
)
PROCESS_A: Keyboard button pressed: 50 - 27 (Tue Feb  7 12:04:12 2023
)
PROCESS_A: Keyboard button pressed: 49 - 27 (Tue Feb  7 12:04:12 2023
)
PROCESS_A: Keyboard button pressed: 48 - 27 (Tue Feb  7 12:04:12 2023
)
PROCESS_A: Keyboard button pressed: 47 - 27 (Tue Feb  7 12:04:12 2023
)
PROCESS_A: Keyboard button pressed: 46 - 27 (Tue Feb  7 12:04:12 2023
)
PROCESS_A: Keyboard button pressed: 45 - 27 (Tue Feb  7 12:04:12 2023
)
PROCESS_A: Keyboard button pressed: 44 - 27 (Tue Feb  7 12:04:12 2023
)
PROCESS_A: Keyboard button pressed: 43 - 27 (Tue Feb  7 12:04:12 2023
)
PROCESS_A: Keyboard button pressed: 42 - 27 (Tue Feb  7 12:04:12 2023
)
PROCESS_A: Keyboard button pressed: 41 - 27 (Tue Feb  7 12:04:12 2023
)
PROCESS_A: Keyboard button pressed: 40 - 27 (Tue Feb  7 12:04:12 2023
)
PROCESS_A: Keyboard button pressed: 39 - 27 (Tue Feb  7 12:04:12 2023
)
PROCESS_A: Keyboard button pressed: 38 - 27 (Tue Feb  7 12:04:12 2023
)
PROCESS_A: Keyboard button pressed: 37 - 27 (Tue Feb  7 12:04:13 2023
)
PROCESS_A: Keyboard button pressed: 36 - 27 (Tue Feb  7 12:04:13 2023
)
PROCESS_A: Keyboard button pressed: 35 - 27 (Tue Feb  7 12:04:13 2023
)
PROCESS_A: Keyboard button pressed: 34 - 27 (Tue Feb  7 12:04:13 2023
)
PROCESS_A: Keyboard button pressed: 33 - 27 (Tue Feb  7 12:04:13 2023
)
PROCESS_A: Keyboard button pressed: 32 - 27 (Tue Feb  7 12:04:13 2023
)
PROCESS_A: Keyboard button pressed: 31 - 27 (Tue Feb  7 12:04:13 2023
)
PROCESS_A: Keyboard button pressed: 30 - 27 (Tue Feb  7 12:04:13 2023
)
PROCESS_A: Keyboard button pressed: 29 - 27 (Tue Feb  7 12:04:13 2023
)
PROCESS_A: Keyboard button pressed: 28 - 27 (Tue Feb  7 12:04:13 2023
)
PROCESS_A: Keyboard button pressed: 27 - 27 (Tue Feb  7 12:04:13 2023
)
PROCESS_A: Keyboard button pressed: 26 - 27 (Tue Feb  7 12:04:13 2023
)
 
 Waiting for the client connection.. 
 

 2 
 0 
 29965 
 
 Waiting for the client connection.. 
 

 2 
 53767 
 0 
 
 Waiting for the client connection.. 
 

 2 
 53767 
 0 
 
 Waiting for the client connection.. 
 

 2 
 65535 
 0 
 
 Waiting for the client connection.. 
 

 2 
 8782 
 0 
PROCESS_A: Keyboard button pressed: 45 - 16 (Tue Feb  7 22:08:37 2023
)
PROCESS_A: Keyboard button pressed: 44 - 16 (Tue Feb  7 22:08:38 2023
)
PROCESS_A: Keyboard button pressed: 43 - 16 (Tue Feb  7 22:08:38 2023
)
PROCESS_A: Keyboard button pressed: 42 - 16 (Tue Feb  7 22:08:38 2023
)
PROCESS_A: Keyboard button pressed: 41 - 16 (Tue Feb  7 22:08:38 2023
)
PROCESS_A: Keyboard button pressed: 40 - 16 (Tue Feb  7 22:08:38 2023
)
PROCESS_A: Keyboard button pressed: 39 - 16 (Tue Feb  7 22:08:38 2023
)
PROCESS_A: Keyboard button pressed: 38 - 16 (Tue Feb  7 22:08:38 2023
)
PROCESS_A: Keyboard button pressed: 37 - 16 (Tue Feb  7 22:08:38 2023
)
PROCESS_A: Keyboard button pressed: 36 - 16 (Tue Feb  7 22:08:38 2023
)
PROCESS_A: Keyboard button pressed: 35 - 16 (Tue Feb  7 22:08:38 2023
)
PROCESS_A: Keyboard button pressed: 34 - 16 (Tue Feb  7 22:08:38 2023
)
PROCESS_A: Keyboard button pressed: 33 - 16 (Tue Feb  7 22:08:38 2023
)
PROCESS_A: Keyboard button pressed: 32 - 16 (Tue Feb  7 22:08:38 2023
)
PROCESS_A: Keyboard button pressed: 31 - 16 (Tue Feb  7 22:08:38 2023
)
PROCESS_A: Keyboard button pressed: 30 - 16 (Tue Feb  7 22:08:38 2023
)
PROCESS_A: Keyboard button pressed: 29 - 16 (Tue Feb  7 22:08:38 2023
)
PROCESS_A: Keyboard button pressed: 28 - 16 (Tue Feb  7 22:08:38 2023
)
PROCESS_A: Keyboard button pressed: 27 - 16 (Tue Feb  7 22:08:38 2023
)
PROCESS_A: Keyboard button pressed: 26 - 16 (Tue Feb  7 22:08:38 2023
)
PROCESS_A: Keyboard button pressed: 25 - 16 (Tue Feb  7 22:08:38 2023
)
PROCESS_A: Keyboard button pressed: 24 - 16 (Tue Feb  7 22:08:38 2023
)
PROCESS_A: Keyboard button pressed: 23 - 16 (Tue Feb  7 22:08:39 2023
)
PROCESS_A: Keyboard button pressed: 22 - 16 (Tue Feb  7 22:08:39 2023
)
PROCESS_A: Keyboard button pressed: 21 - 16 (Tue Feb  7 22:08:39 2023
)
PROCESS_A: Keyboard button pressed: 20 - 16 (Tue Feb  7 22:08:39 2023
)
PROCESS_A: Keyboard button pressed: 19 - 16 (Tue Feb  7 22:08:39 2023
)
PROCESS_A: Keyboard button pressed: 19 - 15 (Tue Feb  7 22:08:40 2023
)
PROCESS_A: Keyboard button pressed: 19 - 14 (Tue Feb  7 22:08:40 2023
)
PROCESS_A: Keyboard button pressed: 19 - 13 (Tue Feb  7 22:08:40 2023
)
PROCESS_A: Keyboard button pressed: 19 - 12 (Tue Feb  7 22:08:40 2023
)
PROCESS_A: Keyboard button pressed: 19 - 11 (Tue Feb  7 22:08:40 2023
)
PROCESS_A: Keyboard button pressed: 19 - 10 (Tue Feb  7 22:08:40 2023
)
PROCESS_A: Keyboard button pressed: 19 - 9 (Tue Feb  7 22:08:40 2023
)
PROCESS_A: Keyboard button pressed: 19 - 8 (Tue Feb  7 22:08:40 2023
)
PROCESS_A: Keyboard button pressed: 19 - 7 (Tue Feb  7 22:08:40 2023
)
PROCESS_A: Keyboard button pressed: 19 - 6 (Tue Feb  7 22:08:40 2023
)
PROCESS_A: Keyboard button pressed: 20 - 6 (Tue Feb  7 22:08:41 2023
)
PROCESS_A: Keyboard button pressed: 21 - 6 (Tue Feb  7 22:08:41 2023
)
PROCESS_A: Keyboard button pressed: 22 - 6 (Tue Feb  7 22:08:41 2023
)
PROCESS_A: Keyboard button pressed: 23 - 6 (Tue Feb  7 22:08:41 2023
)
PROCESS_A: Keyboard button pressed: 24 - 6 (Tue Feb  7 22:08:41 2023
)
PROCESS_A: Keyboard button pressed: 24 - 7 (Tue Feb  7 22:08:41 2023
)
PROCESS_A: Keyboard button pressed: 24 - 8 (Tue Feb  7 22:08:41 2023
)
PROCESS_A: Keyboard button pressed: 24 - 9 (Tue Feb  7 22:08:41 2023
)
PROCESS_A: Keyboard button pressed: 24 - 10 (Tue Feb  7 22:08:41 2023
)
PROCESS_A: Keyboard button pressed: 24 - 11 (Tue Feb  7 22:08:41 2023
)
PROCESS_A: Keyboard button pressed: 24 - 12 (Tue Feb  7 22:08:42 2023
)
PROCESS_A: Keyboard button pressed: 24 - 13 (Tue Feb  7 22:08:42 2023
)
PROCESS_A: Keyboard button pressed: 24 - 14 (Tue Feb  7 22:08:42 2023
)
PROCESS_A: Keyboard button pressed: 24 - 15 (Tue Feb  7 22:08:42 2023
)
PROCESS_A: Keyboard button pressed: 24 - 16 (Tue Feb  7 22:08:42 2023
)
PROCESS_A: Keyboard button pressed: 24 - 17 (Tue Feb  7 22:08:42 2023
)
PROCESS_A: Keyboard button pressed: 24 - 18 (Tue Feb  7 22:08:42 2023
)
PROCESS_A: Keyboard button pressed: 24 - 19 (Tue Feb  7 22:08:42 2023
)
PROCESS_A: Keyboard button pressed: 24 - 20 (Tue Feb  7 22:08:42 2023
)
PROCESS_A: Keyboard button pressed: 24 - 21 (Tue Feb  7 22:08:42 2023
)
PROCESS_A: Keyboard button pressed: 25 - 21 (Tue Feb  7 22:08:42 2023
)
PROCESS_A: Keyboard button pressed: 26 - 21 (Tue Feb  7 22:08:42 2023
)
PROCESS_A: Keyboard button pressed: 27 - 21 (Tue Feb  7 22:08:42 2023
)
PROCESS_A: Keyboard button pressed: 28 - 21 (Tue Feb  7 22:08:42 2023
)
PROCESS_A: Keyboard button pressed: 29 - 21 (Tue Feb  7 22:08:43 2023
)
PROCESS_A: Keyboard button pressed: 30 - 21 (Tue Feb  7 22:08:43 2023
)
PROCESS_A: Keyboard button pressed: 31 - 21 (Tue Feb  7 22:08:43 2023
)
PROCESS_A: Keyboard button pressed: 32 - 21 (Tue Feb  7 22:08:43 2023
)
PROCESS_A: Keyboard button pressed: 33 - 21 (Tue Feb  7 22:08:43 2023
)
PROCESS_A: Keyboard button pressed: 34 - 21 (Tue Feb  7 22:08:43 2023
)
PROCESS_A: Keyboard button pressed: 35 - 21 (Tue Feb  7 22:08:43 2023
)
PROCESS_A: Keyboard button pressed: 36 - 21 (Tue Feb  7 22:08:43 2023
)
PROCESS_A: Keyboard button pressed: 37 - 21 (Tue Feb  7 22:08:43 2023
)
PROCESS_A: Keyboard button pressed: 38 - 21 (Tue Feb  7 22:08:43 2023
)
PROCESS_A: Keyboard button pressed: 39 - 21 (Tue Feb  7 22:08:43 2023
)
PROCESS_A: Keyboard button pressed: 40 - 21 (Tue Feb  7 22:08:43 2023
)
PROCESS_A: Keyboard button pressed: 41 - 21 (Tue Feb  7 22:08:43 2023
)
PROCESS_A: Keyboard button pressed: 42 - 21 (Tue Feb  7 22:08:43 2023
)
PROCESS_A: Keyboard button pressed: 43 - 21 (Tue Feb  7 22:08:43 2023
)
PROCESS_A: Keyboard button pressed: 44 - 21 (Tue Feb  7 22:08:43 2023
)
PROCESS_A: Keyboard button pressed: 45 - 21 (Tue Feb  7 22:08:43 2023
)
PROCESS_A: Keyboard button pressed: 46 - 21 (Tue Feb  7 22:08:43 2023
)
PROCESS_A: Keyboard button pressed: 47 - 21 (Tue Feb  7 22:08:43 2023
)
PROCESS_A: Keyboard button pressed: 48 - 21 (Tue Feb  7 22:08:43 2023
)
PROCESS_A: Keyboard button pressed: 49 - 21 (Tue Feb  7 22:08:43 2023
)
PROCESS_A: Keyboard button pressed: 50 - 21 (Tue Feb  7 22:08:43 2023
)
PROCESS_A: Keyboard button pressed: 51 - 21 (Tue Feb  7 22:08:43 2023
)
PROCESS_A: Keyboard button pressed: 52 - 21 (Tue Feb  7 22:08:43 2023
)
PROCESS_A: Keyboard button pressed: 53 - 21 (Tue Feb  7 22:08:43 2023
)
PROCESS_A: Keyboard button pressed: 54 - 21 (Tue Feb  7 22:08:43 2023
)
PROCESS_A: Keyboard button pressed: 55 - 21 (Tue Feb  7 22:08:43 2023
)
PROCESS_A: Keyboard button pressed: 56 - 21 (Tue Feb  7 22:08:43 2023
)
PROCESS_A: Keyboard button pressed: 57 - 21 (Tue Feb  7 22:08:43 2023
)
PROCESS_A: Keyboard button pressed: 58 - 21 (Tue Feb  7 22:08:43 2023
)
PROCESS_A: Keyboard button pressed: 59 - 21 (Tue Feb  7 22:08:43 2023
)
PROCESS_A: Keyboard button pressed: 60 - 21 (Tue Feb  7 22:08:43 2023
)
PROCESS_A: Keyboard button pressed: 61 - 21 (Tue Feb  7 22:08:43 2023
)
PROCESS_A: Keyboard button pressed: 62 - 21 (Tue Feb  7 22:08:43 2023
)
PROCESS_A: Keyboard button pressed: 63 - 21 (Tue Feb  7 22:08:44 2023
)
PROCESS_A: Keyboard button pressed: 64 - 21 (Tue Feb  7 22:08:44 2023
)
PROCESS_A: Keyboard button pressed: 65 - 21 (Tue Feb  7 22:08:44 2023
)
PROCESS_A: Keyboard button pressed: 66 - 21 (Tue Feb  7 22:08:44 2023
)
PROCESS_A: Keyboard button pressed: 67 - 21 (Tue Feb  7 22:08:44 2023
)
<Process_A> Print button pressed: Tue Feb  7 22:08:45 2023

<Process_A> Print button pressed: Tue Feb  7 22:08:46 2023

 
 Waiting for the client connection.. 
 

 2 
 53767 
 0 
 
 Waiting for the server connection.. 
 
 Waiting for the server connection.. 
 
 Waiting for the client connection.. 
 

 2 
 52822 
 0 
